# JRE version: OpenJDK Runtime Environment Microsoft-25199 (11.0.12+7) (build 11.0.12+7)
# Java VM: OpenJDK 64-Bit Server VM Microsoft-25199 (11.0.12+7, mixed mode, tiered, compressed oops, g1 gc, windows-amd64)
Heap:
 garbage-first heap   total 262144K, used 232812K [0x00000000e0000000, 0x0000000100000000)
  region size 1024K, 55 young (56320K), 1 survivors (1024K)
 Metaspace       used 100801K, capacity 104138K, committed 104368K, reserved 1142784K
  class space    used 9884K, capacity 11233K, committed 11264K, reserved 1048576K
GC Heap History (20 events):
Event: 386.051 GC heap before
{Heap before GC invocations=480 (full 0):
 garbage-first heap   total 262144K, used 232689K [0x00000000e0000000, 0x0000000100000000)
  region size 1024K, 55 young (56320K), 1 survivors (1024K)
 Metaspace       used 100800K, capacity 104137K, committed 104368K, reserved 1142784K
  class space    used 9884K, capacity 11233K, committed 11264K, reserved 1048576K
}
Event: 386.052 GC heap after
{Heap after GC invocations=481 (full 0):
 garbage-first heap   total 262144K, used 177387K [0x00000000e0000000, 0x0000000100000000)
  region size 1024K, 1 young (1024K), 1 survivors (1024K)
 Metaspace       used 100800K, capacity 104137K, committed 104368K, reserved 1142784K
  class space    used 9884K, capacity 11233K, committed 11264K, reserved 1048576K
}
Event: 386.531 GC heap before
{Heap before GC invocations=481 (full 0):
 garbage-first heap   total 262144K, used 232683K [0x00000000e0000000, 0x0000000100000000)
  region size 1024K, 55 young (56320K), 1 survivors (1024K)
 Metaspace       used 100800K, capacity 104137K, committed 104368K, reserved 1142784K
  class space    used 9884K, capacity 11233K, committed 11264K, reserved 1048576K
}
Event: 386.533 GC heap after
{Heap after GC invocations=482 (full 0):
 garbage-first heap   total 262144K, used 177437K [0x00000000e0000000, 0x0000000100000000)
  region size 1024K, 1 young (1024K), 1 survivors (1024K)
 Metaspace       used 100800K, capacity 104137K, committed 104368K, reserved 1142784K
  class space    used 9884K, capacity 11233K, committed 11264K, reserved 1048576K
}
Event: 386.989 GC heap before
{Heap before GC invocations=482 (full 0):
 garbage-first heap   total 262144K, used 232733K [0x00000000e0000000, 0x0000000100000000)
  region size 1024K, 55 young (56320K), 1 survivors (1024K)
 Metaspace       used 100801K, capacity 104138K, committed 104368K, reserved 1142784K
  class space    used 9884K, capacity 11233K, committed 11264K, reserved 1048576K
}
Event: 386.990 GC heap after
{Heap after GC invocations=483 (full 0):
 garbage-first heap   total 262144K, used 177443K [0x00000000e0000000, 0x0000000100000000)
  region size 1024K, 1 young (1024K), 1 survivors (1024K)
 Metaspace       used 100801K, capacity 104138K, committed 104368K, reserved 1142784K
  class space    used 9884K, capacity 11233K, committed 11264K, reserved 1048576K
}
Event: 387.498 GC heap before
{Heap before GC invocations=483 (full 0):
 garbage-first heap   total 262144K, used 232739K [0x00000000e0000000, 0x0000000100000000)
  region size 1024K, 55 young (56320K), 1 survivors (1024K)
 Metaspace       used 100801K, capacity 104138K, committed 104368K, reserved 1142784K
  class space    used 9884K, capacity 11233K, committed 11264K, reserved 1048576K
}
Event: 387.500 GC heap after
{Heap after GC invocations=484 (full 0):
 garbage-first heap   total 262144K, used 177455K [0x00000000e0000000, 0x0000000100000000)
  region size 1024K, 1 young (1024K), 1 survivors (1024K)
 Metaspace       used 100801K, capacity 104138K, committed 104368K, reserved 1142784K
  class space    used 9884K, capacity 11233K, committed 11264K, reserved 1048576K
}
Event: 388.285 GC heap before
{Heap before GC invocations=484 (full 0):
 garbage-first heap   total 262144K, used 232751K [0x00000000e0000000, 0x0000000100000000)
  region size 1024K, 55 young (56320K), 1 survivors (1024K)
 Metaspace       used 100801K, capacity 104138K, committed 104368K, reserved 1142784K
  class space    used 9884K, capacity 11233K, committed 11264K, reserved 1048576K
}
Event: 388.286 GC heap after
{Heap after GC invocations=485 (full 0):
 garbage-first heap   total 262144K, used 177471K [0x00000000e0000000, 0x0000000100000000)
  region size 1024K, 1 young (1024K), 1 survivors (1024K)
 Metaspace       used 100801K, capacity 104138K, committed 104368K, reserved 1142784K
  class space    used 9884K, capacity 11233K, committed 11264K, reserved 1048576K
}
Event: 388.753 GC heap before
{Heap before GC invocations=485 (full 0):
 garbage-first heap   total 262144K, used 232767K [0x00000000e0000000, 0x0000000100000000)
  region size 1024K, 55 young (56320K), 1 survivors (1024K)
 Metaspace       used 100801K, capacity 104138K, committed 104368K, reserved 1142784K
  class space    used 9884K, capacity 11233K, committed 11264K, reserved 1048576K
}
Event: 388.755 GC heap after
{Heap after GC invocations=486 (full 0):
 garbage-first heap   total 262144K, used 177480K [0x00000000e0000000, 0x0000000100000000)
  region size 1024K, 1 young (1024K), 1 survivors (1024K)
 Metaspace       used 100801K, capacity 104138K, committed 104368K, reserved 1142784K
  class space    used 9884K, capacity 11233K, committed 11264K, reserved 1048576K
}
Event: 389.241 GC heap before
{Heap before GC invocations=486 (full 0):
 garbage-first heap   total 262144K, used 232776K [0x00000000e0000000, 0x0000000100000000)
  region size 1024K, 55 young (56320K), 1 survivors (1024K)
 Metaspace       used 100801K, capacity 104138K, committed 104368K, reserved 1142784K
  class space    used 9884K, capacity 11233K, committed 11264K, reserved 1048576K
}
Event: 389.243 GC heap after
{Heap after GC invocations=487 (full 0):
 garbage-first heap   total 262144K, used 177482K [0x00000000e0000000, 0x0000000100000000)
  region size 1024K, 1 young (1024K), 1 survivors (1024K)
 Metaspace       used 100801K, capacity 104138K, committed 104368K, reserved 1142784K
  class space    used 9884K, capacity 11233K, committed 11264K, reserved 1048576K
}
Event: 389.914 GC heap before
{Heap before GC invocations=487 (full 0):
 garbage-first heap   total 262144K, used 232778K [0x00000000e0000000, 0x0000000100000000)
  region size 1024K, 55 young (56320K), 1 survivors (1024K)
 Metaspace       used 100801K, capacity 104138K, committed 104368K, reserved 1142784K
  class space    used 9884K, capacity 11233K, committed 11264K, reserved 1048576K
}
Event: 389.916 GC heap after
{Heap after GC invocations=488 (full 0):
 garbage-first heap   total 262144K, used 177492K [0x00000000e0000000, 0x0000000100000000)
  region size 1024K, 1 young (1024K), 1 survivors (1024K)
 Metaspace       used 100801K, capacity 104138K, committed 104368K, reserved 1142784K
  class space    used 9884K, capacity 11233K, committed 11264K, reserved 1048576K
}
Event: 390.438 GC heap before
{Heap before GC invocations=488 (full 0):
 garbage-first heap   total 262144K, used 232788K [0x00000000e0000000, 0x0000000100000000)
  region size 1024K, 55 young (56320K), 1 survivors (1024K)
 Metaspace       used 100801K, capacity 104138K, committed 104368K, reserved 1142784K
  class space    used 9884K, capacity 11233K, committed 11264K, reserved 1048576K
}
Event: 390.440 GC heap after
{Heap after GC invocations=489 (full 0):
 garbage-first heap   total 262144K, used 177499K [0x00000000e0000000, 0x0000000100000000)
  region size 1024K, 1 young (1024K), 1 survivors (1024K)
 Metaspace       used 100801K, capacity 104138K, committed 104368K, reserved 1142784K
  class space    used 9884K, capacity 11233K, committed 11264K, reserved 1048576K
}
Event: 390.985 GC heap before
{Heap before GC invocations=489 (full 0):
 garbage-first heap   total 262144K, used 232795K [0x00000000e0000000, 0x0000000100000000)
  region size 1024K, 55 young (56320K), 1 survivors (1024K)
 Metaspace       used 100801K, capacity 104138K, committed 104368K, reserved 1142784K
  class space    used 9884K, capacity 11233K, committed 11264K, reserved 1048576K
}
Event: 390.987 GC heap after
{Heap after GC invocations=490 (full 0):
 garbage-first heap   total 262144K, used 177516K [0x00000000e0000000, 0x0000000100000000)
  region size 1024K, 1 young (1024K), 1 survivors (1024K)
 Metaspace       used 100801K, capacity 104138K, committed 104368K, reserved 1142784K
  class space    used 9884K, capacity 11233K, committed 11264K, reserved 1048576K
}

